<?xml version="1.0" encoding="UTF-8"?>
<!-- Generated by org.testng.reporters.JUnitReportReporter -->
<testsuite skipped="0" hostname="HP-New" name="simulateDynamicLibrary.simulateDynamicAddBook" tests="5" failures="0" timestamp="2020-05-27T20:06:44 IST" time="22.947" errors="0">
  <testcase name="addBook" time="0.413" classname="simulateDynamicLibrary.simulateDynamicAddBook"/>
  <testcase name="addBook" time="6.225" classname="simulateDynamicLibrary.simulateDynamicAddBook"/>
  <testcase name="addBook" time="15.400" classname="simulateDynamicLibrary.simulateDynamicAddBook"/>
  <testcase name="addBook" time="0.447" classname="simulateDynamicLibrary.simulateDynamicAddBook"/>
  <testcase name="addBook" time="0.462" classname="simulateDynamicLibrary.simulateDynamicAddBook"/>
</testsuite> <!-- simulateDynamicLibrary.simulateDynamicAddBook -->
